# JRE version: Java(TM) SE Runtime Environment (7.0_45-b18) (build 1.7.0_45-b18)
# Java VM: Java HotSpot(TM) 64-Bit Server VM (24.45-b08 mixed mode windows-amd64 compressed oops)
Heap
 PSYoungGen      total 78848K, used 55389K [0x00000000eb300000, 0x00000000f1400000, 0x0000000100000000)
  eden space 61952K, 89% used [0x00000000eb300000,0x00000000ee9176d8,0x00000000eef80000)
  from space 16896K, 0% used [0x00000000eef80000,0x00000000eef80000,0x00000000f0000000)
  to   space 13312K, 0% used [0x00000000f0000000,0x00000000f0000000,0x00000000f0d00000)
 ParOldGen       total 42496K, used 31173K [0x00000000c1a00000, 0x00000000c4380000, 0x00000000eb300000)
  object space 42496K, 73% used [0x00000000c1a00000,0x00000000c3871618,0x00000000c4380000)
 PSPermGen       total 36352K, used 18165K [0x00000000bc800000, 0x00000000beb80000, 0x00000000c1a00000)
  object space 36352K, 49% used [0x00000000bc800000,0x00000000bd9bd698,0x00000000beb80000)
GC Heap History (10 events):
Event: 6.788 GC heap before
{Heap before GC invocations=5 (full 0):
 PSYoungGen      total 35328K, used 35310K [0x00000000eb300000, 0x00000000ed800000, 0x0000000100000000)
  eden space 32768K, 100% used [0x00000000eb300000,0x00000000ed300000,0x00000000ed300000)
  from space 2560K, 99% used [0x00000000ed580000,0x00000000ed7fb988,0x00000000ed800000)
  to   space 2560K, 0% used [0x00000000ed300000,0x00000000ed300000,0x00000000ed580000)
 ParOldGen       total 42496K, used 8479K [0x00000000c1a00000, 0x00000000c4380000, 0x00000000eb300000)
  object space 42496K, 19% used [0x00000000c1a00000,0x00000000c2247d50,0x00000000c4380000)
 PSPermGen       total 21504K, used 17951K [0x00000000bc800000, 0x00000000bdd00000, 0x00000000c1a00000)
  object space 21504K, 83% used [0x00000000bc800000,0x00000000bd987df0,0x00000000bdd00000)
Event: 6.819 GC heap after
Heap after GC invocations=5 (full 0):
 PSYoungGen      total 35328K, used 2558K [0x00000000eb300000, 0x00000000f0d00000, 0x0000000100000000)
  eden space 32768K, 0% used [0x00000000eb300000,0x00000000eb300000,0x00000000ed300000)
  from space 2560K, 99% used [0x00000000ed300000,0x00000000ed57fbb8,0x00000000ed580000)
  to   space 13312K, 0% used [0x00000000f0000000,0x00000000f0000000,0x00000000f0d00000)
 ParOldGen       total 42496K, used 21022K [0x00000000c1a00000, 0x00000000c4380000, 0x00000000eb300000)
  object space 42496K, 49% used [0x00000000c1a00000,0x00000000c2e87970,0x00000000c4380000)
 PSPermGen       total 21504K, used 17951K [0x00000000bc800000, 0x00000000bdd00000, 0x00000000c1a00000)
  object space 21504K, 83% used [0x00000000bc800000,0x00000000bd987df0,0x00000000bdd00000)
}
Event: 9.170 GC heap before
{Heap before GC invocations=6 (full 0):
 PSYoungGen      total 35328K, used 35326K [0x00000000eb300000, 0x00000000f0d00000, 0x0000000100000000)
  eden space 32768K, 100% used [0x00000000eb300000,0x00000000ed300000,0x00000000ed300000)
  from space 2560K, 99% used [0x00000000ed300000,0x00000000ed57fbb8,0x00000000ed580000)
  to   space 13312K, 0% used [0x00000000f0000000,0x00000000f0000000,0x00000000f0d00000)
 ParOldGen       total 42496K, used 21022K [0x00000000c1a00000, 0x00000000c4380000, 0x00000000eb300000)
  object space 42496K, 49% used [0x00000000c1a00000,0x00000000c2e87970,0x00000000c4380000)
 PSPermGen       total 21504K, used 18035K [0x00000000bc800000, 0x00000000bdd00000, 0x00000000c1a00000)
  object space 21504K, 83% used [0x00000000bc800000,0x00000000bd99cc00,0x00000000bdd00000)
Event: 9.205 GC heap after
Heap after GC invocations=6 (full 0):
 PSYoungGen      total 75264K, used 13281K [0x00000000eb300000, 0x00000000f1400000, 0x0000000100000000)
  eden space 61952K, 0% used [0x00000000eb300000,0x00000000eb300000,0x00000000eef80000)
  from space 13312K, 99% used [0x00000000f0000000,0x00000000f0cf86f8,0x00000000f0d00000)
  to   space 16896K, 0% used [0x00000000eef80000,0x00000000eef80000,0x00000000f0000000)
 ParOldGen       total 42496K, used 22182K [0x00000000c1a00000, 0x00000000c4380000, 0x00000000eb300000)
  object space 42496K, 52% used [0x00000000c1a00000,0x00000000c2fa9970,0x00000000c4380000)
 PSPermGen       total 21504K, used 18035K [0x00000000bc800000, 0x00000000bdd00000, 0x00000000c1a00000)
  object space 21504K, 83% used [0x00000000bc800000,0x00000000bd99cc00,0x00000000bdd00000)
}
Event: 13.619 GC heap before
{Heap before GC invocations=7 (full 0):
 PSYoungGen      total 75264K, used 75233K [0x00000000eb300000, 0x00000000f1400000, 0x0000000100000000)
  eden space 61952K, 100% used [0x00000000eb300000,0x00000000eef80000,0x00000000eef80000)
  from space 13312K, 99% used [0x00000000f0000000,0x00000000f0cf86f8,0x00000000f0d00000)
  to   space 16896K, 0% used [0x00000000eef80000,0x00000000eef80000,0x00000000f0000000)
 ParOldGen       total 42496K, used 22182K [0x00000000c1a00000, 0x00000000c4380000, 0x00000000eb300000)
  object space 42496K, 52% used [0x00000000c1a00000,0x00000000c2fa9970,0x00000000c4380000)
 PSPermGen       total 21504K, used 18134K [0x00000000bc800000, 0x00000000bdd00000, 0x00000000c1a00000)
  object space 21504K, 84% used [0x00000000bc800000,0x00000000bd9b5b00,0x00000000bdd00000)
Event: 13.703 GC heap after
Heap after GC invocations=7 (full 0):
 PSYoungGen      total 78848K, used 16886K [0x00000000eb300000, 0x00000000f1400000, 0x0000000100000000)
  eden space 61952K, 0% used [0x00000000eb300000,0x00000000eb300000,0x00000000eef80000)
  from space 16896K, 99% used [0x00000000eef80000,0x00000000efffdb40,0x00000000f0000000)
  to   space 13312K, 0% used [0x00000000f0000000,0x00000000f0000000,0x00000000f0d00000)
 ParOldGen       total 42496K, used 33129K [0x00000000c1a00000, 0x00000000c4380000, 0x00000000eb300000)
  object space 42496K, 77% used [0x00000000c1a00000,0x00000000c3a5a680,0x00000000c4380000)
 PSPermGen       total 21504K, used 18134K [0x00000000bc800000, 0x00000000bdd00000, 0x00000000c1a00000)
  object space 21504K, 84% used [0x00000000bc800000,0x00000000bd9b5b00,0x00000000bdd00000)
}
Event: 13.703 GC heap before
{Heap before GC invocations=8 (full 1):
 PSYoungGen      total 78848K, used 16886K [0x00000000eb300000, 0x00000000f1400000, 0x0000000100000000)
  eden space 61952K, 0% used [0x00000000eb300000,0x00000000eb300000,0x00000000eef80000)
  from space 16896K, 99% used [0x00000000eef80000,0x00000000efffdb40,0x00000000f0000000)
  to   space 13312K, 0% used [0x00000000f0000000,0x00000000f0000000,0x00000000f0d00000)
 ParOldGen       total 42496K, used 33129K [0x00000000c1a00000, 0x00000000c4380000, 0x00000000eb300000)
  object space 42496K, 77% used [0x00000000c1a00000,0x00000000c3a5a680,0x00000000c4380000)
 PSPermGen       total 21504K, used 18134K [0x00000000bc800000, 0x00000000bdd00000, 0x00000000c1a00000)
  object space 21504K, 84% used [0x00000000bc800000,0x00000000bd9b5b00,0x00000000bdd00000)
Event: 14.021 GC heap after
Heap after GC invocations=8 (full 1):
 PSYoungGen      total 78848K, used 0K [0x00000000eb300000, 0x00000000f1400000, 0x0000000100000000)
  eden space 61952K, 0% used [0x00000000eb300000,0x00000000eb300000,0x00000000eef80000)
  from space 16896K, 0% used [0x00000000eef80000,0x00000000eef80000,0x00000000f0000000)
  to   space 13312K, 0% used [0x00000000f0000000,0x00000000f0000000,0x00000000f0d00000)
 ParOldGen       total 42496K, used 38841K [0x00000000c1a00000, 0x00000000c4380000, 0x00000000eb300000)
  object space 42496K, 91% used [0x00000000c1a00000,0x00000000c3fee578,0x00000000c4380000)
 PSPermGen       total 36352K, used 18070K [0x00000000bc800000, 0x00000000beb80000, 0x00000000c1a00000)
  object space 36352K, 49% used [0x00000000bc800000,0x00000000bd9a5a10,0x00000000beb80000)
}
Event: 18.214 GC heap before
{Heap before GC invocations=9 (full 2):
 PSYoungGen      total 78848K, used 61952K [0x00000000eb300000, 0x00000000f1400000, 0x0000000100000000)
  eden space 61952K, 100% used [0x00000000eb300000,0x00000000eef80000,0x00000000eef80000)
  from space 16896K, 0% used [0x00000000eef80000,0x00000000eef80000,0x00000000f0000000)
  to   space 13312K, 0% used [0x00000000f0000000,0x00000000f0000000,0x00000000f0d00000)
 ParOldGen       total 42496K, used 38841K [0x00000000c1a00000, 0x00000000c4380000, 0x00000000eb300000)
  object space 42496K, 91% used [0x00000000c1a00000,0x00000000c3fee578,0x00000000c4380000)
 PSPermGen       total 36352K, used 18114K [0x00000000bc800000, 0x00000000beb80000, 0x00000000c1a00000)
  object space 36352K, 49% used [0x00000000bc800000,0x00000000bd9b0858,0x00000000beb80000)
Event: 18.519 GC heap after
Heap after GC invocations=9 (full 2):
 PSYoungGen      total 78848K, used 0K [0x00000000eb300000, 0x00000000f1400000, 0x0000000100000000)
  eden space 61952K, 0% used [0x00000000eb300000,0x00000000eb300000,0x00000000eef80000)
  from space 16896K, 0% used [0x00000000eef80000,0x00000000eef80000,0x00000000f0000000)
  to   space 13312K, 0% used [0x00000000f0000000,0x00000000f0000000,0x00000000f0d00000)
 ParOldGen       total 42496K, used 31173K [0x00000000c1a00000, 0x00000000c4380000, 0x00000000eb300000)
  object space 42496K, 73% used [0x00000000c1a00000,0x00000000c3871618,0x00000000c4380000)
 PSPermGen       total 36352K, used 18109K [0x00000000bc800000, 0x00000000beb80000, 0x00000000c1a00000)
  object space 36352K, 49% used [0x00000000bc800000,0x00000000bd9af7c0,0x00000000beb80000)
}

