# JRE version: Java(TM) SE Runtime Environment (7.0_45-b18) (build 1.7.0_45-b18)
# Java VM: Java HotSpot(TM) 64-Bit Server VM (24.45-b08 mixed mode windows-amd64 compressed oops)
Heap
 PSYoungGen      total 36352K, used 32368K [0x00000000faa80000, 0x00000000fd080000, 0x0000000100000000)
  eden space 33792K, 95% used [0x00000000faa80000,0x00000000fca1c0d0,0x00000000fcb80000)
  from space 2560K, 0% used [0x00000000fce00000,0x00000000fce00000,0x00000000fd080000)
  to   space 2560K, 0% used [0x00000000fcb80000,0x00000000fcb80000,0x00000000fce00000)
 ParOldGen       total 44032K, used 19113K [0x00000000f0000000, 0x00000000f2b00000, 0x00000000faa80000)
  object space 44032K, 43% used [0x00000000f0000000,0x00000000f12aa5d0,0x00000000f2b00000)
 PSPermGen       total 21504K, used 18107K [0x00000000eae00000, 0x00000000ec300000, 0x00000000f0000000)
  object space 21504K, 84% used [0x00000000eae00000,0x00000000ebfaecb8,0x00000000ec300000)
GC Heap History (10 events):
Event: 8.361 GC heap before
{Heap before GC invocations=5 (full 0):
 PSYoungGen      total 36352K, used 36350K [0x00000000faa80000, 0x00000000fd080000, 0x0000000100000000)
  eden space 33792K, 100% used [0x00000000faa80000,0x00000000fcb80000,0x00000000fcb80000)
  from space 2560K, 99% used [0x00000000fce00000,0x00000000fd07fa98,0x00000000fd080000)
  to   space 2560K, 0% used [0x00000000fcb80000,0x00000000fcb80000,0x00000000fce00000)
 ParOldGen       total 44032K, used 22011K [0x00000000f0000000, 0x00000000f2b00000, 0x00000000faa80000)
  object space 44032K, 49% used [0x00000000f0000000,0x00000000f157eed0,0x00000000f2b00000)
 PSPermGen       total 21504K, used 18020K [0x00000000eae00000, 0x00000000ec300000, 0x00000000f0000000)
  object space 21504K, 83% used [0x00000000eae00000,0x00000000ebf992d8,0x00000000ec300000)
Event: 8.406 GC heap after
Heap after GC invocations=5 (full 0):
 PSYoungGen      total 36352K, used 2552K [0x00000000faa80000, 0x00000000fd080000, 0x0000000100000000)
  eden space 33792K, 0% used [0x00000000faa80000,0x00000000faa80000,0x00000000fcb80000)
  from space 2560K, 99% used [0x00000000fcb80000,0x00000000fcdfe240,0x00000000fce00000)
  to   space 2560K, 0% used [0x00000000fce00000,0x00000000fce00000,0x00000000fd080000)
 ParOldGen       total 44032K, used 34624K [0x00000000f0000000, 0x00000000f2b00000, 0x00000000faa80000)
  object space 44032K, 78% used [0x00000000f0000000,0x00000000f21d0298,0x00000000f2b00000)
 PSPermGen       total 21504K, used 18020K [0x00000000eae00000, 0x00000000ec300000, 0x00000000f0000000)
  object space 21504K, 83% used [0x00000000eae00000,0x00000000ebf992d8,0x00000000ec300000)
}
Event: 8.406 GC heap before
{Heap before GC invocations=6 (full 1):
 PSYoungGen      total 36352K, used 2552K [0x00000000faa80000, 0x00000000fd080000, 0x0000000100000000)
  eden space 33792K, 0% used [0x00000000faa80000,0x00000000faa80000,0x00000000fcb80000)
  from space 2560K, 99% used [0x00000000fcb80000,0x00000000fcdfe240,0x00000000fce00000)
  to   space 2560K, 0% used [0x00000000fce00000,0x00000000fce00000,0x00000000fd080000)
 ParOldGen       total 44032K, used 34624K [0x00000000f0000000, 0x00000000f2b00000, 0x00000000faa80000)
  object space 44032K, 78% used [0x00000000f0000000,0x00000000f21d0298,0x00000000f2b00000)
 PSPermGen       total 21504K, used 18020K [0x00000000eae00000, 0x00000000ec300000, 0x00000000f0000000)
  object space 21504K, 83% used [0x00000000eae00000,0x00000000ebf992d8,0x00000000ec300000)
Event: 8.707 GC heap after
Heap after GC invocations=6 (full 1):
 PSYoungGen      total 36352K, used 0K [0x00000000faa80000, 0x00000000fd080000, 0x0000000100000000)
  eden space 33792K, 0% used [0x00000000faa80000,0x00000000faa80000,0x00000000fcb80000)
  from space 2560K, 0% used [0x00000000fcb80000,0x00000000fcb80000,0x00000000fce00000)
  to   space 2560K, 0% used [0x00000000fce00000,0x00000000fce00000,0x00000000fd080000)
 ParOldGen       total 44032K, used 29106K [0x00000000f0000000, 0x00000000f2b00000, 0x00000000faa80000)
  object space 44032K, 66% used [0x00000000f0000000,0x00000000f1c6cb68,0x00000000f2b00000)
 PSPermGen       total 21504K, used 17956K [0x00000000eae00000, 0x00000000ec300000, 0x00000000f0000000)
  object space 21504K, 83% used [0x00000000eae00000,0x00000000ebf89268,0x00000000ec300000)
}
Event: 11.058 GC heap before
{Heap before GC invocations=7 (full 2):
 PSYoungGen      total 36352K, used 33792K [0x00000000faa80000, 0x00000000fd080000, 0x0000000100000000)
  eden space 33792K, 100% used [0x00000000faa80000,0x00000000fcb80000,0x00000000fcb80000)
  from space 2560K, 0% used [0x00000000fcb80000,0x00000000fcb80000,0x00000000fce00000)
  to   space 2560K, 0% used [0x00000000fce00000,0x00000000fce00000,0x00000000fd080000)
 ParOldGen       total 44032K, used 29106K [0x00000000f0000000, 0x00000000f2b00000, 0x00000000faa80000)
  object space 44032K, 66% used [0x00000000f0000000,0x00000000f1c6cb68,0x00000000f2b00000)
 PSPermGen       total 21504K, used 18038K [0x00000000eae00000, 0x00000000ec300000, 0x00000000f0000000)
  object space 21504K, 83% used [0x00000000eae00000,0x00000000ebf9d9b8,0x00000000ec300000)
Event: 11.245 GC heap after
Heap after GC invocations=7 (full 2):
 PSYoungGen      total 36352K, used 0K [0x00000000faa80000, 0x00000000fd080000, 0x0000000100000000)
  eden space 33792K, 0% used [0x00000000faa80000,0x00000000faa80000,0x00000000fcb80000)
  from space 2560K, 0% used [0x00000000fcb80000,0x00000000fcb80000,0x00000000fce00000)
  to   space 2560K, 0% used [0x00000000fce00000,0x00000000fce00000,0x00000000fd080000)
 ParOldGen       total 44032K, used 18918K [0x00000000f0000000, 0x00000000f2b00000, 0x00000000faa80000)
  object space 44032K, 42% used [0x00000000f0000000,0x00000000f1279a58,0x00000000f2b00000)
 PSPermGen       total 21504K, used 18034K [0x00000000eae00000, 0x00000000ec300000, 0x00000000f0000000)
  object space 21504K, 83% used [0x00000000eae00000,0x00000000ebf9c960,0x00000000ec300000)
}
Event: 13.569 GC heap before
{Heap before GC invocations=8 (full 2):
 PSYoungGen      total 36352K, used 33792K [0x00000000faa80000, 0x00000000fd080000, 0x0000000100000000)
  eden space 33792K, 100% used [0x00000000faa80000,0x00000000fcb80000,0x00000000fcb80000)
  from space 2560K, 0% used [0x00000000fcb80000,0x00000000fcb80000,0x00000000fce00000)
  to   space 2560K, 0% used [0x00000000fce00000,0x00000000fce00000,0x00000000fd080000)
 ParOldGen       total 44032K, used 18918K [0x00000000f0000000, 0x00000000f2b00000, 0x00000000faa80000)
  object space 44032K, 42% used [0x00000000f0000000,0x00000000f1279a58,0x00000000f2b00000)
 PSPermGen       total 21504K, used 18074K [0x00000000eae00000, 0x00000000ec300000, 0x00000000f0000000)
  object space 21504K, 84% used [0x00000000eae00000,0x00000000ebfa6a18,0x00000000ec300000)
Event: 13.594 GC heap after
Heap after GC invocations=8 (full 2):
 PSYoungGen      total 36352K, used 2546K [0x00000000faa80000, 0x00000000fd080000, 0x0000000100000000)
  eden space 33792K, 0% used [0x00000000faa80000,0x00000000faa80000,0x00000000fcb80000)
  from space 2560K, 99% used [0x00000000fce00000,0x00000000fd07c890,0x00000000fd080000)
  to   space 2560K, 0% used [0x00000000fcb80000,0x00000000fcb80000,0x00000000fce00000)
 ParOldGen       total 44032K, used 30400K [0x00000000f0000000, 0x00000000f2b00000, 0x00000000faa80000)
  object space 44032K, 69% used [0x00000000f0000000,0x00000000f1db0158,0x00000000f2b00000)
 PSPermGen       total 21504K, used 18074K [0x00000000eae00000, 0x00000000ec300000, 0x00000000f0000000)
  object space 21504K, 84% used [0x00000000eae00000,0x00000000ebfa6a18,0x00000000ec300000)
}
Event: 13.594 GC heap before
{Heap before GC invocations=9 (full 3):
 PSYoungGen      total 36352K, used 2546K [0x00000000faa80000, 0x00000000fd080000, 0x0000000100000000)
  eden space 33792K, 0% used [0x00000000faa80000,0x00000000faa80000,0x00000000fcb80000)
  from space 2560K, 99% used [0x00000000fce00000,0x00000000fd07c890,0x00000000fd080000)
  to   space 2560K, 0% used [0x00000000fcb80000,0x00000000fcb80000,0x00000000fce00000)
 ParOldGen       total 44032K, used 30400K [0x00000000f0000000, 0x00000000f2b00000, 0x00000000faa80000)
  object space 44032K, 69% used [0x00000000f0000000,0x00000000f1db0158,0x00000000f2b00000)
 PSPermGen       total 21504K, used 18074K [0x00000000eae00000, 0x00000000ec300000, 0x00000000f0000000)
  object space 21504K, 84% used [0x00000000eae00000,0x00000000ebfa6a18,0x00000000ec300000)
Event: 13.779 GC heap after
Heap after GC invocations=9 (full 3):
 PSYoungGen      total 36352K, used 0K [0x00000000faa80000, 0x00000000fd080000, 0x0000000100000000)
  eden space 33792K, 0% used [0x00000000faa80000,0x00000000faa80000,0x00000000fcb80000)
  from space 2560K, 0% used [0x00000000fce00000,0x00000000fce00000,0x00000000fd080000)
  to   space 2560K, 0% used [0x00000000fcb80000,0x00000000fcb80000,0x00000000fce00000)
 ParOldGen       total 44032K, used 19113K [0x00000000f0000000, 0x00000000f2b00000, 0x00000000faa80000)
  object space 44032K, 43% used [0x00000000f0000000,0x00000000f12aa5d0,0x00000000f2b00000)
 PSPermGen       total 21504K, used 18074K [0x00000000eae00000, 0x00000000ec300000, 0x00000000f0000000)
  object space 21504K, 84% used [0x00000000eae00000,0x00000000ebfa6998,0x00000000ec300000)
}

